# JRE version: OpenJDK Runtime Environment Microsoft-8035246 (17.0.8+7) (build 17.0.8+7-LTS)
# Java VM: OpenJDK 64-Bit Server VM Microsoft-8035246 (17.0.8+7-LTS, mixed mode, sharing, tiered, compressed oops, compressed class ptrs, g1 gc, windows-amd64)
GC Precious Log:
 CPUs: 8 total, 8 available
 Memory: 16163M
 Large Page Support: Disabled
 NUMA Support: Disabled
 Compressed Oops: Enabled (32-bit)
 Heap Region Size: 1M
 Heap Min Capacity: 8M
 Heap Initial Capacity: 254M
 Heap Max Capacity: 2G
 Pre-touch: Disabled
 Parallel Workers: 8
 Concurrent Workers: 2
 Concurrent Refinement Workers: 8
 Periodic GC: Disabled
Heap:
 garbage-first heap   total 373760K, used 260119K [0x0000000080000000, 0x0000000100000000)
  region size 1024K, 16 young (16384K), 9 survivors (9216K)
 Metaspace       used 114410K, committed 115840K, reserved 557056K
  class space    used 15784K, committed 16448K, reserved 425984K
GC Heap History (20 events):
Event: 57.218 GC heap after
{Heap after GC invocations=65 (full 0):
 garbage-first heap   total 311296K, used 212955K [0x0000000080000000, 0x0000000100000000)
  region size 1024K, 7 young (7168K), 7 survivors (7168K)
 Metaspace       used 105657K, committed 107008K, reserved 557056K
  class space    used 14691K, committed 15296K, reserved 425984K
}
Event: 57.801 GC heap before
{Heap before GC invocations=65 (full 0):
 garbage-first heap   total 311296K, used 258011K [0x0000000080000000, 0x0000000100000000)
  region size 1024K, 51 young (52224K), 7 survivors (7168K)
 Metaspace       used 107980K, committed 109312K, reserved 557056K
  class space    used 15062K, committed 15680K, reserved 425984K
}
Event: 57.810 GC heap after
{Heap after GC invocations=66 (full 0):
 garbage-first heap   total 311296K, used 217641K [0x0000000080000000, 0x0000000100000000)
  region size 1024K, 5 young (5120K), 5 survivors (5120K)
 Metaspace       used 107980K, committed 109312K, reserved 557056K
  class space    used 15062K, committed 15680K, reserved 425984K
}
Event: 58.540 GC heap before
{Heap before GC invocations=66 (full 0):
 garbage-first heap   total 311296K, used 259625K [0x0000000080000000, 0x0000000100000000)
  region size 1024K, 46 young (47104K), 5 survivors (5120K)
 Metaspace       used 109856K, committed 111232K, reserved 557056K
  class space    used 15291K, committed 15936K, reserved 425984K
}
Event: 58.549 GC heap after
{Heap after GC invocations=67 (full 0):
 garbage-first heap   total 311296K, used 224378K [0x0000000080000000, 0x0000000100000000)
  region size 1024K, 6 young (6144K), 6 survivors (6144K)
 Metaspace       used 109856K, committed 111232K, reserved 557056K
  class space    used 15291K, committed 15936K, reserved 425984K
}
Event: 59.223 GC heap before
{Heap before GC invocations=67 (full 0):
 garbage-first heap   total 311296K, used 261242K [0x0000000080000000, 0x0000000100000000)
  region size 1024K, 42 young (43008K), 6 survivors (6144K)
 Metaspace       used 110464K, committed 111872K, reserved 557056K
  class space    used 15350K, committed 16000K, reserved 425984K
}
Event: 59.232 GC heap after
{Heap after GC invocations=68 (full 0):
 garbage-first heap   total 311296K, used 229613K [0x0000000080000000, 0x0000000100000000)
  region size 1024K, 5 young (5120K), 5 survivors (5120K)
 Metaspace       used 110464K, committed 111872K, reserved 557056K
  class space    used 15350K, committed 16000K, reserved 425984K
}
Event: 59.756 GC heap before
{Heap before GC invocations=68 (full 0):
 garbage-first heap   total 311296K, used 263405K [0x0000000080000000, 0x0000000100000000)
  region size 1024K, 38 young (38912K), 5 survivors (5120K)
 Metaspace       used 110617K, committed 112000K, reserved 557056K
  class space    used 15352K, committed 16000K, reserved 425984K
}
Event: 59.761 GC heap after
{Heap after GC invocations=69 (full 0):
 garbage-first heap   total 311296K, used 232788K [0x0000000080000000, 0x0000000100000000)
  region size 1024K, 4 young (4096K), 4 survivors (4096K)
 Metaspace       used 110617K, committed 112000K, reserved 557056K
  class space    used 15352K, committed 16000K, reserved 425984K
}
Event: 59.975 GC heap before
{Heap before GC invocations=69 (full 0):
 garbage-first heap   total 311296K, used 265556K [0x0000000080000000, 0x0000000100000000)
  region size 1024K, 36 young (36864K), 4 survivors (4096K)
 Metaspace       used 110783K, committed 112256K, reserved 557056K
  class space    used 15366K, committed 16064K, reserved 425984K
}
Event: 59.981 GC heap after
{Heap after GC invocations=70 (full 0):
 garbage-first heap   total 311296K, used 236228K [0x0000000080000000, 0x0000000100000000)
  region size 1024K, 4 young (4096K), 4 survivors (4096K)
 Metaspace       used 110783K, committed 112256K, reserved 557056K
  class space    used 15366K, committed 16064K, reserved 425984K
}
Event: 60.157 GC heap before
{Heap before GC invocations=70 (full 0):
 garbage-first heap   total 311296K, used 265924K [0x0000000080000000, 0x0000000100000000)
  region size 1024K, 33 young (33792K), 4 survivors (4096K)
 Metaspace       used 110993K, committed 112448K, reserved 557056K
  class space    used 15387K, committed 16064K, reserved 425984K
}
Event: 60.163 GC heap after
{Heap after GC invocations=71 (full 0):
 garbage-first heap   total 311296K, used 240120K [0x0000000080000000, 0x0000000100000000)
  region size 1024K, 5 young (5120K), 5 survivors (5120K)
 Metaspace       used 110993K, committed 112448K, reserved 557056K
  class space    used 15387K, committed 16064K, reserved 425984K
}
Event: 60.415 GC heap before
{Heap before GC invocations=71 (full 0):
 garbage-first heap   total 311296K, used 270840K [0x0000000080000000, 0x0000000100000000)
  region size 1024K, 31 young (31744K), 5 survivors (5120K)
 Metaspace       used 112667K, committed 114112K, reserved 557056K
  class space    used 15479K, committed 16192K, reserved 425984K
}
Event: 60.421 GC heap after
{Heap after GC invocations=72 (full 0):
 garbage-first heap   total 311296K, used 244184K [0x0000000080000000, 0x0000000100000000)
  region size 1024K, 4 young (4096K), 4 survivors (4096K)
 Metaspace       used 112667K, committed 114112K, reserved 557056K
  class space    used 15479K, committed 16192K, reserved 425984K
}
Event: 60.628 GC heap before
{Heap before GC invocations=72 (full 0):
 garbage-first heap   total 311296K, used 266712K [0x0000000080000000, 0x0000000100000000)
  region size 1024K, 27 young (27648K), 4 survivors (4096K)
 Metaspace       used 113508K, committed 115008K, reserved 557056K
  class space    used 15673K, committed 16384K, reserved 425984K
}
Event: 60.633 GC heap after
{Heap after GC invocations=73 (full 0):
 garbage-first heap   total 373760K, used 246083K [0x0000000080000000, 0x0000000100000000)
  region size 1024K, 2 young (2048K), 2 survivors (2048K)
 Metaspace       used 113508K, committed 115008K, reserved 557056K
  class space    used 15673K, committed 16384K, reserved 425984K
}
Event: 61.273 GC heap before
{Heap before GC invocations=73 (full 0):
 garbage-first heap   total 373760K, used 310595K [0x0000000080000000, 0x0000000100000000)
  region size 1024K, 66 young (67584K), 2 survivors (2048K)
 Metaspace       used 114312K, committed 115712K, reserved 557056K
  class space    used 15783K, committed 16448K, reserved 425984K
}
Event: 61.277 GC heap after
{Heap after GC invocations=74 (full 0):
 garbage-first heap   total 373760K, used 248913K [0x0000000080000000, 0x0000000100000000)
  region size 1024K, 5 young (5120K), 5 survivors (5120K)
 Metaspace       used 114312K, committed 115712K, reserved 557056K
  class space    used 15783K, committed 16448K, reserved 425984K
}
Event: 61.725 GC heap before
{Heap before GC invocations=74 (full 0):
 garbage-first heap   total 373760K, used 313425K [0x0000000080000000, 0x0000000100000000)
  region size 1024K, 69 young (70656K), 5 survivors (5120K)
 Metaspace       used 114410K, committed 115840K, reserved 557056K
  class space    used 15784K, committed 16448K, reserved 425984K
}

